172
2 64 178 
2 395 473 
2 196 393 
2 281 226 
2 484 377 
2 154 177 
2 272 99 
2 253 430 
2 302 209 
2 34 325 
2 307 250 
2 24 7 
2 358 10 
2 179 200 
2 4 117 
2 343 72 
2 380 222 
2 268 407 
2 120 207 
2 91 329 
2 112 33 
2 490 220 
2 35 383 
2 164 199 
2 244 368 
2 436 210 
2 180 185 
2 321 38 
2 499 238 
2 141 201 
2 471 492 
2 324 412 
2 371 397 
2 478 142 
2 460 163 
2 29 134 
2 148 190 
2 396 389 
2 334 186 
2 208 433 
2 257 434 
2 332 424 
2 348 406 
2 219 189 
2 67 26 
2 258 261 
2 56 188 
2 444 227 
2 59 27 
2 251 240 
2 111 12 
2 419 483 
2 454 246 
2 482 211 
2 271 78 
2 498 470 
2 116 405 
2 28 404 
2 303 269 
2 43 326 
2 370 54 
2 265 494 
2 101 161 
2 431 338 
2 421 479 
3 231 166 239 
3 13 69 232 
3 86 288 372 
3 92 216 495 
3 94 205 486 
3 204 113 411 
3 0 172 283 
3 439 132 49 
3 491 176 191 
3 485 399 401 
3 296 173 467 
3 249 136 103 
3 5 36 381 
3 428 414 155 
3 262 127 270 
3 336 53 342 
3 333 150 137 
3 458 497 416 
3 282 443 351 
3 156 267 81 
3 390 194 446 
3 223 39 285 
3 47 260 45 
3 152 437 293 
3 319 32 427 
3 48 403 263 
3 157 126 61 
3 312 158 313 
3 481 275 2 
3 118 300 218 
3 98 459 469 
3 415 114 96 
3 121 236 259 
3 462 31 1 
3 51 162 373 
3 360 68 376 
3 289 489 398 
3 195 330 97 
3 362 280 83 
3 235 357 167 
3 215 287 382 
3 286 254 221 
3 145 297 276 
3 50 298 89 
3 255 306 440 
3 187 344 84 
3 184 58 441 
3 139 105 129 
3 379 128 335 
3 356 30 9 
3 472 354 385 
3 79 277 327 
3 193 409 22 
3 310 361 299 
3 308 135 359 
3 16 108 378 
3 295 350 320 
3 181 102 197 
3 453 487 106 
3 304 452 337 
4 290 70 388 46 
4 339 355 183 65 
4 352 394 279 40 
4 55 95 66 247 
4 174 363 429 192 
4 71 367 87 442 
4 233 212 317 365 
4 266 217 119 124 
4 387 493 19 17 
4 456 149 323 353 
4 213 347 408 451 
4 450 252 206 11 
4 170 125 144 168 
4 230 73 248 146 
4 477 318 74 294 
4 316 349 21 417 
4 374 305 475 93 
4 314 386 345 182 
4 6 311 447 41 
4 44 292 301 466 
4 100 3 400 366 
4 14 37 109 203 
4 420 143 284 122 
4 375 309 449 315 
4 341 76 438 328 
4 115 159 369 77 
4 410 130 225 392 
4 202 80 229 340 
4 20 133 63 273 
4 435 455 147 175 
4 496 423 228 465 
4 448 57 384 15 
4 278 138 165 88 
4 169 457 131 90 
4 234 445 426 52 
4 322 464 245 331 
4 214 85 488 75 
4 256 160 422 461 
4 60 463 237 241 
4 243 468 476 23 
4 123 391 480 42 
4 242 413 153 151 
4 364 25 264 291 
4 107 62 198 418 
4 346 432 171 474 
4 8 82 425 104 
4 224 18 274 140 
