1628
2 7100 8571 
2 2072 1918 
2 6876 156 
2 9975 2048 
2 6607 3613 
2 5304 8463 
2 4823 8474 
2 4672 6836 
2 1011 2532 
2 9305 5543 
2 1462 1319 
2 5047 9914 
2 3764 278 
2 8796 8219 
2 4284 9817 
2 5180 218 
2 7057 2908 
2 6244 6101 
2 2051 1745 
2 5489 1637 
2 4680 8289 
2 9580 9584 
2 9758 4757 
2 9388 4800 
2 1861 4769 
2 9090 5268 
2 8483 4875 
2 2791 8523 
2 3792 7494 
2 6676 7470 
2 4889 6650 
2 4805 4235 
2 6198 2379 
2 6516 412 
2 2815 1991 
2 3843 8236 
2 1844 1624 
2 7986 7974 
2 3142 9748 
2 9044 2085 
2 112 9777 
2 4785 8990 
2 5002 5979 
2 3863 5873 
2 207 3338 
2 3458 8237 
2 3890 847 
2 2429 1402 
2 5835 9839 
2 5357 5246 
2 1475 9696 
2 8027 9979 
2 43 2641 
2 3209 6457 
2 1420 6079 
2 1966 804 
2 6638 375 
2 4011 5663 
2 8733 7042 
2 4080 297 
2 3278 3374 
2 1247 6265 
2 4040 7405 
2 8190 2404 
2 5830 547 
2 1208 8766 
2 8972 4155 
2 6759 4935 
2 1192 5837 
2 7734 6732 
2 8445 6835 
2 6192 9941 
2 2094 6578 
2 2123 8799 
2 6973 97 
2 9438 595 
2 9011 4110 
2 4294 8607 
2 6786 4159 
2 7074 6651 
2 3722 2651 
2 3564 4865 
2 7586 9879 
2 6252 7112 
2 8117 9677 
2 7199 6696 
2 9371 4214 
2 7039 8537 
2 1955 5610 
2 3893 2805 
2 2814 1884 
2 2433 8214 
2 4907 8397 
2 5006 930 
2 1301 5710 
2 1929 5914 
2 2830 5636 
2 8433 6180 
2 1041 7637 
2 9407 6551 
2 7049 7143 
2 6199 8355 
2 2758 6149 
2 842 4713 
2 6472 8749 
2 9062 2614 
2 441 3591 
2 1878 6113 
2 4835 6591 
2 2706 2430 
2 6548 1299 
2 5329 4319 
2 4457 8132 
2 3985 7575 
2 743 8294 
2 9776 8097 
2 7799 5274 
2 1226 5573 
2 6611 8989 
2 1263 9742 
2 9775 841 
2 6854 2338 
2 8784 2897 
2 7139 8742 
2 2905 8042 
2 3702 7050 
2 6711 726 
2 5150 8567 
2 5850 2948 
2 5831 6297 
2 6442 3870 
2 3273 2057 
2 7217 9452 
2 1466 4121 
2 3312 3585 
2 1124 177 
2 130 360 
2 9598 6764 
2 8890 2994 
2 1276 8928 
2 3555 9198 
2 3570 8169 
2 7691 5231 
2 4358 5921 
2 7466 3866 
2 7580 1578 
2 8941 9365 
2 2727 1012 
2 2402 1355 
2 4363 5044 
2 7430 3795 
2 6417 111 
2 3586 7096 
2 8887 6911 
2 7479 8834 
2 5938 6241 
2 1336 9759 
2 1363 9089 
2 7768 7577 
2 3440 3878 
2 1158 1707 
2 3636 5037 
2 6459 2922 
2 1242 1424 
2 6864 9135 
2 124 5222 
2 9487 242 
2 3136 5433 
2 222 316 
2 9619 8767 
2 9904 4477 
2 2725 2352 
2 6108 2979 
2 7567 7141 
2 3325 430 
2 3527 1561 
2 4597 1111 
2 7229 8501 
2 8602 3216 
2 7350 5179 
2 65 5526 
2 1393 6848 
2 2375 4585 
2 8285 7916 
2 5464 1058 
2 8304 8376 
2 1079 2119 
2 2490 8430 
2 5288 1984 
2 2373 4862 
2 7644 6756 
2 744 2961 
2 5687 7072 
2 3849 8314 
2 2819 538 
2 2917 7262 
2 8893 2778 
2 4501 1564 
2 154 6717 
2 5341 9527 
2 2704 9880 
2 916 1439 
2 4254 5360 
2 2069 377 
2 7048 1409 
2 6496 6520 
2 2493 1104 
2 6330 5855 
2 8298 3621 
2 9540 892 
2 4581 664 
2 9412 5638 
2 988 5453 
2 6926 8446 
2 2460 1673 
2 4941 5220 
2 616 1327 
2 1667 8196 
2 9417 5121 
2 8854 2180 
2 827 4436 
2 6875 5762 
2 6166 6892 
2 1073 4394 
2 6819 2172 
2 3145 5109 
2 5499 8823 
2 8533 2770 
2 5946 9494 
2 6546 4324 
2 2302 754 
2 6470 3605 
2 4259 358 
2 7791 6511 
2 4930 5645 
2 8960 8435 
2 1324 6987 
2 2424 9514 
2 4689 5472 
2 3793 1251 
2 5440 4502 
2 3959 296 
2 9682 9990 
2 9203 8865 
2 74 2914 
2 823 4788 
2 7171 4481 
2 6340 6801 
2 4494 1129 
2 908 2346 
2 9105 1453 
2 3022 4291 
2 4594 1281 
2 5898 979 
2 1658 730 
2 8900 8038 
2 8629 4500 
2 9927 1794 
2 6263 5014 
2 4158 7730 
2 9216 9289 
2 5157 9186 
2 2861 3854 
2 6852 8753 
2 4684 8316 
2 1684 1830 
2 15 51 
2 4677 949 
2 1459 4390 
2 4817 5829 
2 1767 1599 
2 5074 9136 
2 6177 6900 
2 929 7947 
2 2647 4982 
2 4648 7563 
2 609 3301 
2 8926 2372 
2 8692 3524 
2 5524 4215 
2 3013 5812 
2 199 7879 
2 1507 6808 
2 3909 5902 
2 3086 8244 
2 8644 7497 
2 1238 3069 
2 6939 5693 
2 9112 9734 
2 3888 2775 
2 4897 3018 
2 3964 2024 
2 4380 5491 
2 6427 9337 
2 2741 1113 
2 5278 9468 
2 9994 7261 
2 9155 257 
2 5963 9538 
2 6295 9184 
2 7551 5285 
2 557 5623 
2 8944 8426 
2 2190 4589 
2 501 4276 
2 869 4926 
2 6031 5052 
2 8233 1351 
2 4944 7158 
2 1828 3343 
2 3143 4936 
2 5190 2634 
2 945 8695 
2 702 7895 
2 6343 3463 
2 7130 1063 
2 4958 4614 
2 5398 3235 
2 2650 210 
2 7712 5358 
2 7487 7344 
2 800 9585 
2 4975 383 
2 6331 1666 
2 9845 706 
2 3123 1881 
2 3212 6748 
2 7269 8885 
2 2933 2305 
2 5532 2309 
2 5844 4669 
2 9746 4940 
2 2274 4659 
2 1215 2312 
2 1715 5908 
2 6154 5640 
2 2356 9837 
2 94 9673 
2 7376 1166 
2 7147 9349 
2 5673 8638 
2 286 9296 
2 3918 7721 
2 7362 7438 
2 125 843 
2 1897 5725 
2 8011 1086 
2 1909 4016 
2 962 442 
2 2135 436 
2 3930 2067 
2 5768 7971 
2 2293 5087 
2 7184 6688 
2 1075 6024 
2 8434 4809 
2 5069 2865 
2 9783 9271 
2 3382 1880 
2 2774 2973 
2 5054 9241 
2 3749 3653 
2 2713 186 
2 1001 831 
2 8825 9779 
2 7836 9509 
2 1948 1203 
2 2189 3327 
2 3767 7885 
2 1140 757 
2 8512 6431 
2 6984 3112 
2 2924 9132 
2 8931 5975 
2 3968 3796 
2 9446 7426 
2 3566 2470 
2 8036 8264 
2 1951 1214 
2 805 6830 
2 6880 4799 
2 5555 5894 
2 3891 7153 
2 3857 5276 
2 569 8502 
2 3283 8215 
2 8014 162 
2 7534 5950 
2 9447 9215 
2 9243 9623 
2 565 4055 
2 2178 3973 
2 7022 6832 
2 2501 5318 
2 1588 8049 
2 1255 914 
2 2520 5676 
2 4728 9539 
2 3461 5795 
2 8673 856 
2 5480 6648 
2 4205 9240 
2 9912 6146 
2 3082 4722 
2 1674 3473 
2 4199 6365 
2 3109 4596 
2 4373 9810 
2 4745 4951 
2 5303 2169 
2 8466 4057 
2 9419 8258 
2 181 9868 
2 6822 8711 
2 9740 7905 
2 6501 2046 
2 6098 9910 
2 7445 3397 
2 7818 7843 
2 5823 7556 
2 9536 5880 
2 7212 5035 
2 1868 8240 
2 3345 6498 
2 1676 651 
2 2930 169 
2 1346 8359 
2 3847 3617 
2 8421 1903 
2 588 9749 
2 9410 9043 
2 8084 3495 
2 2063 9703 
2 9668 7649 
2 2582 7531 
2 5643 8130 
2 6078 7911 
2 9717 6701 
2 4434 9545 
2 634 938 
2 192 1068 
2 472 6239 
2 1340 1034 
2 6043 9897 
2 6613 4516 
2 4241 2554 
2 1546 9470 
2 1832 4811 
2 7395 8794 
2 5352 8740 
2 8028 5586 
2 9867 7420 
2 1315 7707 
2 8106 1270 
2 7985 3298 
2 3672 492 
2 7504 3835 
2 4236 4311 
2 9073 6163 
2 3927 1230 
2 1823 2461 
2 5923 5310 
2 3943 8888 
2 6147 6704 
2 9439 7260 
2 364 8080 
2 7625 2149 
2 4637 7428 
2 264 9153 
2 2324 6964 
2 1855 398 
2 7863 7846 
2 1631 3824 
2 6338 1739 
2 8565 4108 
2 197 219 
2 3032 86 
2 4131 6414 
2 9824 9064 
2 368 4354 
2 2265 509 
2 7510 2543 
2 3732 7052 
2 4273 2434 
2 3526 6744 
2 2811 2657 
2 2573 1534 
2 5332 57 
2 2184 8065 
2 2191 5427 
2 5269 4556 
2 168 23 
2 792 3421 
2 9997 1362 
2 8813 7505 
2 493 1314 
2 7355 7135 
2 5891 8281 
2 5865 5948 
2 7224 5527 
2 7546 8068 
2 4405 8227 
2 7259 8076 
2 1350 284 
3 3991 4969 8429 
3 3405 9708 6320 
3 212 5588 5421 
3 8867 1873 968 
3 9383 274 7651 
3 4148 1183 3204 
3 4791 9497 6275 
3 9630 8284 5048 
3 372 5028 5093 
3 872 1332 2608 
3 8122 8059 414 
3 9944 7106 1807 
3 1477 7101 7589 
3 6269 95 4771 
3 8452 5717 6569 
3 4194 2409 2686 
3 5399 4361 4059 
3 9641 8331 7839 
3 7762 7806 6089 
3 6595 7660 6906 
3 3677 9107 1590 
3 3366 3948 9204 
3 3650 3357 2575 
3 5775 9864 4983 
3 3066 8971 7499 
3 6191 4960 8639 
3 2226 6404 8735 
3 4031 6781 2784 
3 4292 6090 540 
3 602 1444 6686 
3 1049 5838 3438 
3 1896 7975 2992 
3 9294 5166 2050 
3 4188 4030 7194 
3 1257 1020 4665 
3 1023 3158 5208 
3 4921 9829 5578 
3 2489 6385 5849 
3 4542 8618 1240 
3 4761 4304 2685 
3 7557 6871 312 
3 5657 2990 6818 
3 3148 4620 3288 
3 3102 9141 7418 
3 6471 8341 6767 
3 9907 3121 4619 
3 6278 5715 2590 
3 6903 704 9970 
3 3239 4587 4816 
3 3275 2242 3575 
3 7142 8349 2362 
3 6631 6411 7914 
3 5132 1965 8994 
3 2910 8442 3743 
3 1024 4212 7006 
3 9934 4483 4976 
3 3347 2969 3841 
3 7750 2561 9501 
3 9103 6815 1323 
3 7093 7365 1382 
3 37 2055 5039 
3 2742 695 3942 
3 9426 2170 4376 
3 5201 1941 3217 
3 8586 558 1937 
3 1085 9930 3840 
3 1472 8957 3076 
3 7855 6909 971 
3 9738 9242 3850 
3 9908 5600 9133 
3 2820 8120 1416 
3 1629 8899 3284 
3 668 4872 8043 
3 4151 9583 5744 
3 7692 5968 3001 
3 1891 9236 4866 
3 1298 7794 8596 
3 7310 2786 1118 
3 7820 1241 3974 
3 3169 2389 8787 
3 8761 5455 227 
3 9985 3141 9996 
3 3957 8458 9450 
3 3369 4472 3094 
3 5709 2200 7874 
3 4753 8717 976 
3 5463 1593 5429 
3 2925 6237 3956 
3 9865 5394 5537 
3 4839 9187 8101 
3 7744 9234 9334 
3 6522 782 568 
3 7811 1221 1213 
3 4343 5666 8877 
3 2129 3423 5987 
3 1581 3255 2290 
3 7527 5163 9692 
3 3395 7888 7323 
3 1289 1501 1605 
3 201 3803 741 
3 2604 5419 1096 
3 5320 722 7066 
3 2047 1307 9111 
3 6033 2834 2797 
3 5601 2667 9358 
3 7890 4718 7347 
3 2268 4627 6737 
3 4447 658 5270 
3 7268 3599 8884 
3 9225 6190 6395 
3 5425 7827 8283 
3 9744 3211 1969 
3 5106 3157 3408 
3 435 860 9023 
3 5036 39 2552 
3 5487 5840 6381 
3 2440 5685 2803 
3 8174 9488 3116 
3 5050 8183 9025 
3 1368 4840 3471 
3 5714 2351 7726 
3 2288 4462 7007 
3 7685 2154 8455 
3 5993 5339 1078 
3 5749 5561 251 
3 7882 167 889 
3 4942 7700 3528 
3 864 3422 2146 
3 7098 395 6677 
3 4141 3196 1074 
3 5888 4087 9987 
3 2739 4829 4495 
3 309 4747 5363 
3 5546 9370 798 
3 5926 1134 96 
3 2846 7127 1062 
3 5300 7011 7280 
3 2205 817 2579 
3 2161 8727 3628 
3 7272 2140 8165 
3 1644 2771 9299 
3 4443 740 7483 
3 4022 2364 4419 
3 4802 2871 9463 
3 3993 8420 2567 
3 6792 3297 9331 
3 1267 6668 3045 
3 8406 3601 2151 
3 5296 4608 5107 
3 3620 7008 1770 
3 5147 6497 3353 
3 223 6405 4699 
3 3980 2181 1636 
3 4758 9261 5233 
3 5863 9372 311 
3 2709 1876 4356 
3 9180 9638 1743 
3 4521 8772 9913 
3 3480 6388 1887 
3 1947 4246 7578 
3 2341 9811 5055 
3 9125 2403 683 
3 2062 1425 8189 
3 4990 9946 2354 
3 8908 1417 3079 
3 935 7029 8559 
3 5805 3303 9667 
3 5655 7200 9304 
3 4374 4898 1246 
3 7770 6359 5238 
3 8481 8003 3549 
3 4697 942 5287 
3 433 3192 4591 
3 8513 3610 3690 
3 4069 4649 7657 
3 9094 1228 551 
3 1582 1391 2968 
3 8299 5801 7152 
3 9212 140 8438 
3 8447 7677 9618 
3 4759 2271 6699 
3 4869 5448 4015 
3 2369 5075 4002 
3 2773 3804 5688 
3 9786 776 6683 
3 5005 4265 304 
3 5117 9003 714 
3 7952 9442 9801 
3 4666 9869 35 
3 7780 6342 1877 
3 1094 2649 8395 
3 761 9735 6779 
3 9157 138 5426 
3 6559 1060 7019 
3 7207 4980 3997 
3 4352 6612 9264 
3 6488 3246 6687 
3 497 4427 2437 
3 2909 1002 9401 
3 9520 5587 4763 
3 5828 7160 4774 
3 1388 5020 662 
3 3319 8636 4334 
3 3753 2654 225 
3 7334 4316 117 
3 3051 5672 1814 
3 4258 5186 6048 
3 9314 1091 2776 
3 7059 7472 1117 
3 3444 8671 2273 
3 2807 9048 6100 
3 3816 1792 3494 
3 8287 921 2929 
3 7471 1201 2980 
3 5412 8052 5148 
3 3728 7533 2469 
3 3279 9081 1169 
3 812 1915 4974 
3 5330 340 5756 
3 3064 3630 2731 
3 9009 2759 2463 
3 9481 8965 4786 
3 7642 9571 957 
3 68 3394 3516 
3 8344 61 233 
3 498 5988 3189 
3 4196 8591 2152 
3 9800 8736 6608 
3 3335 1155 3346 
3 8963 1780 711 
3 6214 9781 2007 
3 4337 9858 4385 
3 8542 6528 5817 
3 7917 1269 8061 
3 5384 8222 6877 
3 4967 9253 3522 
3 5531 9699 8589 
3 9074 6922 3734 
3 9457 6760 2585 
3 9812 9842 3639 
3 4401 1367 8105 
3 9852 724 990 
3 7178 7540 5021 
3 7948 6723 2660 
3 9752 6884 915 
3 1471 6581 6000 
3 6867 1186 8048 
3 4415 6873 7309 
3 1731 7587 6372 
3 434 6859 670 
3 6240 6509 4289 
3 6519 5146 5103 
3 3814 2392 110 
3 1784 1961 7363 
3 3807 529 6407 
3 7330 5470 8686 
3 5689 2591 4632 
3 5920 6458 4094 
3 7191 5889 3622 
3 7119 8486 5494 
3 8707 542 5947 
3 8457 83 8746 
3 7024 8110 2126 
3 303 814 3290 
3 5639 948 403 
3 9017 6923 8039 
3 6258 6308 833 
3 7149 3252 7583 
3 6148 5606 940 
3 3208 7451 3250 
3 6824 4393 9219 
3 4346 5796 7748 
3 5734 1769 330 
3 6291 9660 7328 
3 5250 4142 5493 
3 9464 1461 1455 
3 8362 6255 1373 
3 5218 3460 1330 
3 182 6007 3501 
3 5008 8220 8279 
3 3536 6958 7523 
3 9959 2473 3607 
3 7606 2464 3070 
3 9482 9709 8826 
3 2927 7176 8579 
3 926 8648 6310 
3 3206 3661 7867 
3 7284 7650 1390 
3 9633 6588 2001 
3 2751 9041 4527 
3 7639 671 9301 
3 4928 4876 354 
3 3479 2472 4519 
3 1750 5466 1193 
3 5906 7068 5529 
3 690 4038 9612 
3 9114 9594 6938 
3 1786 1225 8940 
3 8425 6008 4956 
3 1652 3390 6975 
3 9847 9362 9165 
3 2872 9952 8408 
3 272 7835 2474 
3 7699 38 5567 
3 2566 5841 6705 
3 3378 7462 4150 
3 3036 7215 8584 
3 4331 1052 8976 
3 9302 3021 5969 
3 7964 1633 4248 
3 8164 4306 3309 
3 4490 9020 6094 
3 2004 687 2298 
3 5992 99 3240 
3 2736 7481 583 
3 6479 9491 2232 
3 9116 1141 6202 
3 8809 4329 2228 
3 6399 3089 884 
3 6481 5978 265 
3 3323 3445 2318 
3 5413 3662 3419 
3 5408 5482 811 
3 2292 7520 1989 
3 5402 2230 2099 
3 5599 8556 1071 
3 3009 3225 3040 
3 593 3868 6443 
3 1813 2202 1916 
3 3906 6925 1286 
3 41 4961 6408 
3 4170 4013 7841 
3 3568 2935 6503 
3 2644 7177 6345 
3 6502 128 3544 
3 8160 9590 9467 
3 6966 4368 6370 
3 5174 9575 2522 
3 7320 5209 2783 
3 5042 2827 9226 
3 8163 2011 5309 
3 1342 5893 7404 
3 5930 838 7444 
3 2244 6899 1752 
3 4488 6562 9950 
3 9480 9108 4379 
3 3318 5686 9609 
3 249 7615 1956 
3 8326 2498 5161 
3 2480 1092 7995 
3 5767 1272 1008 
3 7585 8538 8850 
3 3155 400 4362 
3 6042 997 9559 
3 6992 3011 9822 
3 1675 7410 7182 
3 389 2444 6035 
3 5821 2711 4033 
3 4919 7569 7938 
3 871 8418 7123 
3 6209 6366 2747 
3 9318 727 8788 
3 5789 1151 3220 
3 4085 9191 7568 
3 2932 4812 9076 
3 834 1529 2578 
3 1717 8311 4505 
3 5582 7161 60 
3 3788 8181 8861 
3 224 7618 1310 
3 7187 7053 4861 
3 5015 3740 7766 
3 3010 967 2960 
3 2387 2462 3698 
3 6994 5273 367 
3 9160 9121 582 
3 8239 5388 3634 
3 9963 4157 559 
3 3448 4099 8547 
3 5191 4650 8998 
3 155 2345 9434 
3 7994 5535 2086 
3 2303 4442 4300 
3 2535 1901 734 
3 8916 7746 8377 
3 3820 78 3307 
3 1135 40 719 
3 7991 5444 3529 
3 9916 1480 4882 
3 8684 603 3813 
3 8561 8417 2355 
3 7611 8902 9792 
3 8921 5815 3842 
3 6582 5654 3789 
3 1530 8259 6104 
3 4993 1609 7854 
3 750 6700 6066 
3 567 7608 4933 
3 4224 6565 4670 
3 8462 2194 8185 
3 9807 9276 8022 
3 2313 3932 3999 
3 3836 3384 7950 
3 1970 386 6935 
3 7749 513 7044 
3 2264 777 985 
3 5386 663 590 
3 2142 8709 1178 
3 7696 4934 7128 
3 3735 250 5393 
3 2570 8063 7226 
3 8454 6309 6267 
3 9333 8795 6549 
3 158 5325 2950 
3 6277 4208 1306 
3 3873 75 5207 
3 8617 4338 9877 
3 4219 2410 6230 
3 7787 502 11 
3 2466 6492 9562 
3 5364 5618 9953 
3 5949 484 9129 
3 1819 9310 9874 
3 1503 503 3243 
3 7452 3769 1098 
3 3579 9374 2221 
3 675 359 2070 
3 7574 2597 534 
3 9167 7733 7056 
3 8045 4245 7714 
3 2940 8439 5101 
3 6075 6550 4445 
3 7386 8716 3844 
3 2537 6026 29 
3 50 4149 6547 
3 2484 1114 5740 
3 5391 98 2378 
3 7727 6400 5239 
3 7436 4675 2625 
3 4411 6012 6823 
3 6133 5144 2907 
3 10 2514 8118 
3 5124 3920 2864 
3 2363 5976 5224 
3 5375 1056 1919 
3 9154 7193 7856 
3 3047 6850 6182 
3 9722 6538 7082 
3 6518 70 3935 
3 2887 7765 3151 
3 7602 3006 5032 
3 6189 1318 2959 
3 7211 1371 6586 
3 5502 248 2102 
3 7853 7485 2043 
3 4417 6941 6844 
3 7518 494 5337 
3 393 9675 941 
3 4102 7264 6486 
3 6754 4184 2876 
3 9307 1160 867 
3 4109 491 9701 
3 1341 5349 8519 
3 2423 53 3600 
3 1031 6382 7908 
3 4503 4140 8494 
3 4493 819 1249 
3 5752 3162 2502 
3 4609 3859 5868 
3 5169 4408 3590 
3 2495 2482 6567 
3 4082 705 7977 
3 5223 2690 146 
3 5170 5750 6124 
3 5392 6158 5351 
3 8398 6726 115 
3 2260 6212 1090 
3 3720 1922 2042 
3 9680 4570 1376 
3 2669 1972 3025 
3 5903 4526 4716 
3 3105 1358 3128 
3 1643 3787 1182 
3 8667 9188 1677 
3 6084 780 9574 
3 2943 511 4847 
3 7162 2986 356 
3 8492 4473 2016 
3 1180 4751 2593 
3 3513 4795 2576 
3 4078 6932 5407 
3 1933 4370 6352 
3 636 1275 1930 
3 5076 6600 6937 
3 1313 6373 2418 
3 6221 3443 2015 
3 2855 4512 3229 
3 2891 2740 4371 
3 7869 7851 4357 
3 4754 2456 7033 
3 9254 3830 6028 
3 293 6604 2538 
3 1016 982 9012 
3 5584 3213 7715 
3 7635 9093 5960 
3 1716 8261 2874 
3 8487 8488 7146 
3 6363 4559 4256 
3 3477 3951 836 
3 6341 4206 2447 
3 1421 4262 9364 
3 5732 5305 8554 
3 7092 7722 5240 
3 2619 1460 1481 
3 9983 1021 6750 
3 3085 4891 1165 
3 1488 7724 7543 
3 5607 108 3310 
3 615 2216 8407 
3 9485 401 6426 
3 7924 8838 3553 
3 8551 2768 8620 
3 2397 3267 1683 
3 8436 6666 4752 
3 6557 6710 1867 
3 6349 2209 9854 
3 2284 9375 6669 
3 6657 3867 8566 
3 9282 7399 5522 
3 934 6256 3837 
3 5754 3881 641 
3 9592 6465 570 
3 1035 6834 7814 
3 5668 4732 8484 
3 7987 7509 196 
3 7852 9568 2695 
3 3862 1945 1763 
3 8472 7809 9267 
3 2904 9576 2494 
4 2267 289 2488 4853 
4 428 9993 6281 2481 
4 3293 579 5662 5660 
4 5746 9883 9309 1833 
4 3355 6757 3099 6276 
4 1765 4422 6510 2307 
4 8729 7108 1672 3624 
4 6580 9329 4566 1558 
4 6809 6682 8738 3904 
4 9834 6068 3462 42 
4 6703 4725 3409 9101 
4 429 522 8128 4590 
4 6210 4655 8820 1704 
4 6845 9672 2258 5053 
4 4367 1682 6418 2588 
4 5825 9336 342 9397 
4 2664 3995 1758 9460 
4 5856 2150 9122 1256 
4 8920 5735 2421 8637 
4 5980 9906 1442 3456 
4 8018 1492 3451 2211 
4 4600 7731 1102 4737 
4 5236 1066 334 6904 
4 8296 5297 525 7659 
4 2090 1560 6030 3185 
4 3899 2841 7078 2082 
4 3341 1070 9032 4299 
4 852 2467 8952 6474 
4 7751 1231 9351 357 
4 2426 2565 9209 234 
4 7402 8057 7321 2413 
4 2054 3330 6301 1709 
4 8092 4712 746 526 
4 3295 4667 3329 3205 
4 8013 7339 3407 8525 
4 6953 7256 170 8467 
4 8654 9721 9909 791 
4 9940 4782 1592 7290 
4 8119 7698 4576 475 
4 639 1619 4172 7823 
4 7898 2323 2849 9175 
4 9588 137 4950 1625 
4 3304 6337 178 4347 
4 1871 6194 5435 6777 
4 4873 3135 5982 2541 
4 4423 506 8273 6946 
4 9430 2445 230 7441 
4 8585 2450 899 5722 
4 9100 8111 8056 3497 
4 6721 4136 1292 7111 
4 7333 7953 9605 1176 
4 3901 1836 9563 4431 
4 9227 4083 3174 3140 
4 7776 1783 9838 3073 
4 6507 6571 5317 6534 
4 8320 9788 7972 6931 
4 9999 688 8901 2166 
4 2795 135 3821 8984 
4 1383 4962 4217 9507 
4 9973 3825 3523 9424 
4 4683 2333 6838 4388 
4 283 5137 4446 643 
4 7759 5390 8580 7145 
4 2486 8334 4582 6535 
4 5343 1589 6978 5411 
4 4366 5628 1448 3404 
4 4034 4735 1172 6435 
4 3195 5369 6446 8342 
4 876 3646 1536 4695 
4 8520 3747 9421 2700 
4 2613 8549 1387 3643 
4 9674 3311 8274 226 
4 445 6525 4979 7206 
4 9119 9969 4322 3880 
4 9923 3163 8633 8995 
4 1154 5626 3925 7157 
4 7360 4909 3337 2018 
4 6150 165 2045 6529 
4 76 2479 735 1864 
4 7663 7547 6336 620 
4 2782 8603 2256 5574 
4 3936 5467 6044 6076 
4 5977 4130 6326 7486 
4 1422 4079 9027 2231 
4 5134 1648 4238 3773 
4 8860 253 646 5928 
4 1467 9929 572 8935 
4 1659 5751 8881 7870 
4 2360 9067 969 2705 
4 5683 5941 9385 4050 
4 5910 2679 1326 2989 
4 8886 7538 5181 5700 
4 4992 2451 8324 6627 
4 7973 3300 7591 6013 
4 89 1152 2296 4920 
4 8911 5945 6628 1553 
4 4803 5483 5814 8665 
4 7273 2241 1014 5242 
4 4335 3834 1718 8503 
4 6860 152 1264 8346 
4 8509 3776 2334 4247 
4 1142 943 5080 8588 
4 7009 6080 3627 7778 
4 9799 6164 466 6665 
4 2825 7484 9790 3967 
4 7374 3889 6659 564 
4 3360 5816 3334 8656 
4 8574 5512 4001 1297 
4 7198 9339 1067 5189 
4 6646 7450 481 7467 
4 3234 8657 4968 4412 
4 924 8859 6680 709 
4 5475 7 898 7741 
4 7507 1686 4189 4721 
4 3812 6141 8905 1928 
4 575 6134 2187 5707 
4 5007 7753 912 5598 
4 9319 2163 6283 3752 
4 1384 4806 1555 8121 
4 6136 6170 6857 2601 
4 6175 409 8322 9343 
4 8186 844 5904 3670 
4 3087 295 2032 7501 
4 2853 4549 5728 6462 
4 2821 505 4730 9476 
4 1664 5136 1357 7876 
4 8305 6332 5761 2752 
4 2592 6205 5184 1570 
4 8798 6979 828 9687 
4 4784 1693 7728 2073 
4 7719 3717 1831 206 
4 3457 6453 8348 1742 
4 3091 1766 7304 585 
4 1747 3681 7847 9394 
4 4407 1395 5234 2076 
4 7983 3426 6179 9140 
4 7168 2210 523 9517 
4 5282 6847 1541 1018 
4 1261 866 4105 1980 
4 3077 4336 7871 7555 
4 7064 3511 2365 9386 
4 7865 9058 4303 6846 
4 7781 1943 7623 9172 
4 2485 5517 768 8814 
4 9360 418 1698 5583 
4 1756 7356 8552 345 
4 3381 4469 6948 9593 
4 1695 1120 8384 5126 
4 290 235 3656 9809 
4 8087 1882 6800 4207 
4 8982 8156 9685 4355 
4 3489 8191 8510 8083 
4 5792 3531 8953 8878 
4 3739 1400 6419 3080 
4 3758 4341 4858 1567 
4 2286 9217 1311 1774 
4 9495 9844 3432 6954 
4 911 3521 9406 7558 
4 4089 9095 3259 7368 
4 1544 1435 659 6227 
4 7220 8531 6201 3081 
4 4871 6730 6575 1818 
4 910 7984 1569 8587 
4 550 1245 5743 6005 
4 913 3919 1456 8922 
4 8724 3659 1634 7379 
4 4991 5779 6334 6707 
4 7030 4181 14 621 
4 7725 6981 5452 8093 
4 1081 8803 1827 6354 
4 5405 9718 1879 5347 
4 1576 8178 764 8947 
4 3608 8361 9496 1153 
4 8005 1796 8540 7579 
4 2792 9603 3286 9510 
4 7460 9541 9283 4008 
4 5210 8149 4323 499 
4 3024 6117 6983 6596 
4 885 2523 2542 5395 
4 5696 4449 4426 7275 
4 1087 7807 1829 8218 
4 8262 3707 4702 999 
4 4536 4588 9663 4595 
4 2564 2121 2524 8338 
4 749 6685 9472 2581 
4 2061 3762 8330 5481 
4 5579 2304 8260 9356 
4 598 9572 7288 1734 
4 7622 2692 6222 188 
4 2517 8317 1131 5804 
4 4283 7192 9591 3996 
4 9704 5648 3106 9214 
4 213 613 8343 9340 
4 3883 9005 1630 9035 
4 9548 8652 4310 2106 
4 1601 1669 6881 900 
4 8301 8876 4070 6455 
4 7801 2496 9521 1566 
4 8001 8640 2799 8419 
4 4479 8497 6647 8137 
4 9804 1797 1375 3874 
4 7936 277 6061 5258 
4 2694 4228 3190 1600 
4 9403 6965 9279 7393 
4 769 5572 3101 4026 
4 3791 4798 1338 5033 
4 723 6894 4583 2858 
4 8303 3573 5845 4830 
4 2571 3696 2225 9890 
4 6865 923 7169 6896 
4 5362 2895 5808 8082 
4 9024 1924 1006 3872 
4 209 3718 2395 9176 
4 544 6245 5119 4679 
4 5939 7769 7245 7620 
4 4286 7480 3855 417 
4 981 3626 1977 527 
4 4520 902 3292 2337 
4 3008 6487 5811 7893 
4 8539 4560 4330 1562 
4 9751 9902 737 4382 
4 6187 7364 8379 7117 
4 7804 7381 1964 9465 
4 1736 9411 2361 6540 
4 592 5249 3134 8529 
4 5350 3193 1349 120 
4 2419 4193 7345 102 
4 6816 8999 7313 1505 
4 2886 9884 4386 5656 
4 7170 9896 4792 6477 
4 9285 228 9409 7400 
4 528 1700 6739 7474 
4 5731 7716 685 4749 
4 7063 3819 6020 2282 
4 6634 3810 5632 4504 
4 7892 1436 1088 2788 
4 6339 9768 4496 7891 
4 1305 3251 6389 7786 
4 2503 8409 9490 2843 
4 6537 2702 1220 6749 
4 9123 1199 8033 8099 
4 8205 9569 7091 6095 
4 5723 3716 3924 1061 
4 599 7761 4414 698 
4 9925 5373 3578 7190 
4 9655 5295 1452 7875 
4 6617 6196 3726 1479 
4 9523 133 8815 8363 
4 6145 378 6174 577 
4 3729 8573 4387 7303 
4 2326 5253 8381 2245 
4 5090 5933 9694 191 
4 504 6357 9433 3385 
4 3680 3916 362 5997 
4 9258 500 1773 2916 
4 4271 5545 7140 8690 
4 9863 9115 7244 9138 
4 2183 9 7969 2455 
4 1195 8659 4051 9097 
4 7461 6622 1925 5436 
4 1537 7055 601 3071 
4 4018 4166 6046 5077 
4 8776 774 416 799 
4 9151 9400 6585 7238 
4 1538 1866 151 1730 
4 4826 4931 3952 204 
4 5228 6162 2283 3879 
4 5771 3944 8135 4663 
4 2138 6614 4470 3336 
4 3520 9534 3177 6968 
4 2732 20 6390 3645 
4 8206 6374 5664 5518 
4 9054 1978 1274 893 
4 3911 3376 3678 6716 
4 3034 2769 5302 5397 
4 2155 8235 637 8993 
4 7336 7636 4097 5813 
4 2824 90 939 6009 
4 5194 8129 3186 703 
4 9861 3114 4312 1022 
4 3012 6282 3400 34 
4 7600 2025 1737 6920 
4 6813 8356 9462 539 
4 1842 6131 8624 19 
4 7338 1204 7306 3725 
4 6555 9402 7979 6790 
4 607 4029 2299 676 
4 5614 6919 2028 6727 
4 3535 4264 5591 9221 
4 7103 1849 8392 2308 
4 2912 9778 7710 1708 
4 1033 9192 4211 9657 
4 2039 3453 848 648 
4 5081 5284 4899 7680 
4 8411 1348 3442 1361 
4 9770 6770 159 363 
4 3175 5730 4957 2671 
4 2987 950 2147 849 
4 2385 956 5025 3002 
4 2218 240 2171 5182 
4 8168 3694 1748 1983 
4 3540 9971 3981 1040 
4 2091 1641 7422 8981 
4 9543 1103 1926 855 
4 8412 7380 341 8031 
4 4908 3115 4618 553 
4 5913 5262 4270 8726 
4 5460 9381 772 4345 
4 4787 1744 8785 123 
4 9393 7764 8152 9552 
4 7626 9535 6178 3332 
4 6636 638 1093 9644 
4 323 1594 3316 310 
4 3356 2944 1097 9030 
4 1144 2454 6869 6219 
4 8524 8309 259 3392 
4 8329 873 4024 2329 
4 4111 6615 8380 1680 
4 7860 4000 5595 974 
4 5585 4090 5549 3763 
4 2823 1946 6763 619 
4 7439 5346 2589 5708 
4 2678 7840 6437 3029 
4 6512 3676 2499 2659 
4 5498 9774 3455 3977 
4 9732 5646 8047 476 
4 9422 4970 8864 753 
4 1687 9728 4213 1755 
4 8148 3210 4887 7028 
4 6153 2249 1271 2272 
4 8810 2698 6996 9327 
4 7104 8853 5886 3673 
4 5505 4392 3373 6664 
4 5243 9855 5078 6889 
4 2934 766 7307 1839 
4 8833 3711 3414 8836 
4 2666 5956 6602 1971 
4 3727 653 7062 4538 
4 8634 4171 1290 1531 
4 1811 3057 2349 2239 
4 9016 5142 7251 7676 
4 1802 4692 9250 6247 
4 1273 5000 8578 5291 
4 2294 1484 488 8440 
4 919 4459 1523 964 
4 8139 2680 7295 810 
4 338 7559 8151 28 
4 1845 6803 3410 3550 
4 6002 8757 7416 1958 
4 1760 9513 8470 7390 
4 3172 7664 4606 6593 
4 1089 907 2435 5298 
4 794 6993 3280 473 
4 2906 6039 8793 1944 
4 7904 5348 6029 1399 
4 1775 8651 1826 4328 
4 8282 8140 2297 6106 
4 5702 2617 6208 3107 
4 3187 4071 2506 5944 
4 9028 3200 2831 4999 
4 1157 7909 5138 9218 
4 2319 7980 7253 3934 
4 3359 4894 630 5547 
4 1917 4900 682 1954 
4 5915 1998 8806 9164 
4 9894 9833 684 1738 
4 9458 3199 6023 4327 
4 8246 6425 8201 6885 
4 1603 8986 752 901 
4 2544 4295 255 9008 
4 3137 9149 8664 4750 
4 9348 2376 1219 0 
4 2655 1334 7021 3060 
4 5263 9244 7632 4 
4 4279 6635 6211 7388 
4 9606 2074 7859 7829 
4 113 2280 5474 1705 
4 2441 424 7883 8896 
4 4471 8250 2339 6771 
4 6195 8238 2060 4855 
4 150 6829 5862 2110 
4 332 8522 2999 2996 
4 9966 9266 4244 5294 
4 8913 2993 437 857 
4 8016 5548 9785 1657 
4 5857 4918 9484 4253 
4 865 1378 7084 8231 
4 6804 3784 1788 2414 
4 8476 996 992 7382 
4 3971 7739 2143 3757 
4 275 9750 1233 478 
4 756 8891 2246 2077 
4 8249 5739 586 5091 
4 5356 5072 6839 2005 
4 3606 5062 4421 6940 
4 4856 8471 1235 9026 
4 2945 7508 801 6017 
4 6333 4902 6466 6234 
4 3882 1703 9697 6660 
4 8958 3088 4561 8112 
4 2873 2780 5965 7132 
4 2229 6401 217 8225 
4 6521 763 2772 4325 
4 5232 1296 1386 696 
4 7118 1859 1294 6067 
4 937 3801 8700 9489 
4 3987 5361 4517 628 
4 9654 7219 3552 9134 
4 4845 4964 8383 2851 
4 8437 5219 846 36 
4 7246 2627 7120 4794 
4 850 1906 8655 625 
4 7357 7519 3324 4058 
4 3685 9382 1516 4997 
4 1429 1397 1177 7824 
4 143 4285 2428 3655 
4 7375 3223 8277 100 
4 3530 8870 8104 6318 
4 7035 3691 3493 4740 
4 3625 8242 5876 5409 
4 4201 7789 7421 3984 
4 3771 281 423 5255 
4 1197 7415 4460 119 
4 5550 337 3961 6952 
4 6576 2224 578 5105 
4 7671 3611 9745 8781 
4 6715 4550 8897 1077 
4 4280 1234 9772 4916 
4 4613 4610 8869 2885 
4 3567 3170 6074 5755 
4 7489 6708 8143 1004 
4 5819 5887 8544 1550 
4 1482 1591 9414 9260 
4 9503 7912 6216 6081 
4 5415 3818 9354 6851 
4 8010 7828 7081 5937 
4 6722 1252 7560 9936 
4 7075 2763 63 9066 
4 2108 779 8208 371 
4 8590 1159 8964 925 
4 1793 5057 8450 5061 
4 9486 7239 16 5326 
4 7397 7331 7566 8979 
4 7524 5652 1190 3388 
4 8777 7813 8577 8410 
4 5383 7903 5264 1487 
4 9051 7500 8741 6025 
4 9392 7922 4660 9707 
4 5379 7544 3232 349 
4 5497 4546 9773 4994 
4 8443 1474 5653 4977 
4 30 8306 9522 5040 
4 8025 1302 793 5252 
4 9951 6527 8516 9022 
4 3269 6188 6616 3806 
4 6890 6440 4456 5625 
4 3852 1820 3802 7552 
4 1777 3340 9984 5416 
4 7584 9945 7408 5111 
4 8400 3120 413 9962 
4 4288 369 9702 3049 
4 1662 2545 6556 47 
4 1702 6167 7866 9642 
4 8812 2931 6280 5378 
4 163 4320 6513 1405 
4 1512 4063 7931 5442 
4 5265 888 9747 1914 
4 5335 9843 7614 6096 
4 6019 2179 9297 2234 
4 7525 9771 8209 6916 
4 285 8541 8241 4298 
4 4881 7604 8874 8662 
4 84 2875 9483 402 
4 5495 5959 9459 3078 
4 1996 5764 9646 8064 
4 6165 1699 715 161 
4 5244 5424 1973 2965 
4 3257 954 9328 1554 
4 9298 1542 2687 4717 
4 8251 656 3785 8889 
4 6461 5637 3648 8427 
4 1817 1125 6307 720 
4 657 6313 7570 7929 
4 7654 3583 5116 9956 
4 4484 450 5674 1575 
4 4868 8763 6445 6533 
4 2084 5919 7205 597 
4 6085 1331 8937 3014 
4 6998 8226 3466 85 
4 9664 8372 1688 1470 
4 3669 3236 1029 3276 
4 198 7107 2915 2197 
4 7361 299 3272 5962 
4 1148 3271 1927 932 
4 5213 3518 3017 5705 
4 8635 4223 7858 5088 
4 6675 1805 8768 1329 
4 141 6441 6362 4183 
4 9341 7346 7796 1082 
4 7666 9949 2212 3173 
4 677 4569 5155 9505 
4 1661 5621 7455 7564 
4 1614 5927 1508 7545 
4 8929 1454 8868 1227 
4 4844 5699 4846 9988 
4 8802 7447 9057 2728 
4 1038 2962 4174 5616 
4 4231 5604 9980 1776 
4 944 9530 5758 4441 
4 6785 6491 1851 5571 
4 2071 391 717 4086 
4 3315 2165 4138 1316 
4 5192 6794 4100 3299 
4 4925 4268 6284 1322 
4 2988 6776 8759 4949 
4 4789 1485 1044 1645 
4 8600 8855 7159 6062 
4 3903 8852 2254 1710 
4 8987 3538 1449 8315 
4 4544 2235 1212 9004 
4 8703 7136 3261 4529 
4 3095 9323 9251 8572 
4 5905 5173 6328 1392 
4 8563 8548 1976 7588 
4 1013 4615 2761 555 
4 5566 407 5718 9670 
4 5592 8737 5972 8254 
4 3241 4019 4274 7016 
4 2 2109 1510 8188 
4 3372 8601 3748 8402 
4 6398 4353 1051 7301 
4 8782 3719 5525 2248 
4 4843 6702 4511 8339 
4 9886 1490 9715 5334 
4 7535 2868 1628 1239 
4 2869 7243 6690 6155 
4 6929 4778 104 7949 
4 3808 2822 7172 58 
4 1080 7154 7729 2516 
4 7425 149 1999 114 
4 3038 5149 3179 7711 
4 6296 9587 6862 8177 
4 6355 4539 3285 7353 
4 767 3454 4162 4132 
4 8842 4701 802 9577 
4 6640 2893 4726 4010 
4 2243 3828 2898 4420 
4 9171 1942 3364 71 
4 4766 2358 9373 5597 
4 4833 1764 7513 5456 
4 3041 3577 7414 7407 
4 1712 6572 8670 4849 
4 4006 9252 6093 1128 
4 3778 7918 2381 2605 
4 9256 4577 4514 7803 
4 2549 148 9072 2124 
4 4988 1106 7034 7255 
4 6795 5354 1042 6514 
4 5955 7837 2743 9876 
4 373 2840 2598 2386 
4 5860 5198 8610 5810 
4 3886 4948 1458 4966 
4 4402 4981 4054 9190 
4 9888 195 474 221 
4 8747 9377 2765 8919 
4 262 3023 1838 2056 
4 6494 8720 7757 3547 
4 5266 8353 7720 7944 
4 3194 9390 3609 8386 
4 1923 3266 5634 6346 
4 2320 477 965 3809 
4 6841 1483 9431 594 
4 9443 9466 7943 3103 
4 6902 8382 5936 8456 
4 8705 139 2478 6135 
4 9274 1892 6910 7040 
4 3618 6287 3631 4095 
4 1565 2131 8423 6886 
4 3113 8405 1612 5051 
4 3084 5104 9885 4633 
4 2670 8555 2400 5877 
4 2367 2162 44 6609 
4 9144 4049 5523 7449 
4 8632 3800 5215 3253 
4 2508 7163 1799 1822 
